<?xml version="1.0" encoding="UTF-8"?>
<!-- Generated by org.testng.reporters.JUnitXMLReporter -->
<testsuite ignored="0" hostname="Sidhu" failures="0" tests="6" name="Test" time="0.171" errors="0" timestamp="2022-08-22T16:41:30 EDT">
  <testcase classname="qaclickacademy.Mavenjava.RestAPITest" name="deleteTwitter" time="0.016"/>
  <testcase classname="qaclickacademy.Mavenjava.RestAPITest" name="postJira" time="0.001"/>
  <testcase classname="qaclickacademy.Mavenjava.AppiumTest" name="IOSApps" time="0.0"/>
  <testcase classname="qaclickacademy.Mavenjava.AppiumTest" name="NativeAPPAndroid" time="0.001"/>
  <testcase classname="qaclickacademy.Mavenjava.SeleniumTest" name="BrowserAutomation" time="0.001"/>
  <testcase classname="qaclickacademy.Mavenjava.SeleniumTest" name="elementsUI" time="0.001"/>
</testsuite> <!-- Test -->
