<?xml version="1.0" encoding="UTF-8"?>
<testsuite xmlns:xsi="http://www.w3.org/2001/XMLSchema-instance" xsi:noNamespaceSchemaLocation="https://maven.apache.org/surefire/maven-surefire-plugin/xsd/surefire-test-report-3.0.xsd" version="3.0" name="TestSuite" time="1.559" tests="6" errors="0" skipped="0" failures="0">
  <properties>
[...]
</properties>
  <testcase name="deleteTwitter" classname="qaclickacademy.Mavenjava.RestAPITest" time="0.013">
    <system-out><![CDATA[RestAP1 - deleteTwitter
]]></system-out>
    <system-err><![CDATA[SLF4J: Failed to load class "org.slf4j.impl.StaticLoggerBinder".
SLF4J: Defaulting to no-operation (NOP) logger implementation
SLF4J: See http://www.slf4j.org/codes.html#StaticLoggerBinder for further details.
]]></system-err>
  </testcase>
  <testcase name="postJira" classname="qaclickacademy.Mavenjava.RestAPITest" time="0.002">
    <system-out><![CDATA[RestAPI - postJira
]]></system-out>
  </testcase>
  <testcase name="IOSApps" classname="qaclickacademy.Mavenjava.AppiumTest" time="0.002">
    <system-out><![CDATA[AppiumTest - IOSApps
]]></system-out>
  </testcase>
  <testcase name="NativeAPPAndroid" classname="qaclickacademy.Mavenjava.AppiumTest" time="0.002">
    <system-out><![CDATA[AppiumTest - NativeAPPAndroid
]]></system-out>
  </testcase>
  <testcase name="BrowserAutomation" classname="qaclickacademy.Mavenjava.SeleniumTest" time="0.005">
    <system-out><![CDATA[Selenium - BrowserAutomation
]]></system-out>
  </testcase>
  <testcase name="elementsUI" classname="qaclickacademy.Mavenjava.SeleniumTest" time="0.002">
    <system-out><![CDATA[Selenium - elementsUI
]]></system-out>
  </testcase>
</testsuite>